<?xml version="1.0" encoding="UTF-8"?>
<!-- Generated by org.testng.reporters.JUnitReportReporter -->
<testsuite skipped="0" hostname="Manu" name="Slenium_grid.Dseleniumgrid" tests="1" failures="0" timestamp="2022-09-02T21:06:34 IST" time="28.285" errors="0">
  <testcase name="gridPractice" time="28.285" classname="Slenium_grid.Dseleniumgrid"/>
  <system-out/>
</testsuite> <!-- Slenium_grid.Dseleniumgrid -->
