<?xml version="1.0" encoding="UTF-8"?>
<!-- Generated by org.testng.reporters.JUnitReportReporter -->
<testsuite skipped="0" hostname="Manu" name="Slenium_grid.Sorting" tests="1" failures="0" timestamp="2022-09-06T12:37:04 IST" time="0.015" errors="0">
  <testcase name="SortingElementInAscendingOrder" time="0.015" classname="Slenium_grid.Sorting"/>
  <system-out/>
</testsuite> <!-- Slenium_grid.Sorting -->
