<?xml version="1.0" encoding="UTF-8"?>
<!-- Generated by org.testng.reporters.JUnitReportReporter -->
<testsuite skipped="0" hostname="Manu" name="Slenium_grid.Revestring" tests="1" failures="0" timestamp="2022-09-06T11:28:56 IST" time="0.054" errors="0">
  <testcase name="reverse" time="0.054" classname="Slenium_grid.Revestring"/>
  <system-out/>
</testsuite> <!-- Slenium_grid.Revestring -->
